<?xml version="1.0" encoding="UTF-8"?>
<!-- Generated by org.testng.reporters.JUnitReportReporter -->
<testsuite skipped="0" hostname="DAREDEVIL" name="testNGTestcases.HandlingMultipleDataProviders" tests="4" failures="0" timestamp="2023-09-14T23:01:52 IST" time="0.016" errors="0">
  <testcase name="testUserReg" time="0.016" classname="testNGTestcases.HandlingMultipleDataProviders"/>
  <system-out/>
  <testcase name="testUserReg" time="0.000" classname="testNGTestcases.HandlingMultipleDataProviders"/>
  <system-out/>
  <testcase name="testLogin" time="0.000" classname="testNGTestcases.HandlingMultipleDataProviders"/>
  <system-out/>
  <testcase name="testLogin" time="0.000" classname="testNGTestcases.HandlingMultipleDataProviders"/>
  <system-out/>
</testsuite> <!-- testNGTestcases.HandlingMultipleDataProviders -->
