<?xml version="1.0" encoding="UTF-8"?>
<!-- Generated by org.testng.reporters.JUnitReportReporter -->
<testsuite skipped="0" hostname="LMP2DSS6C13MQ2" name="testNGTestcases.TestNGTesting5" tests="3" failures="0" timestamp="2021-11-24T21:05:56 IST" time="0.010" errors="0">
  <testcase name="doLogin" time="0.007" classname="testNGTestcases.TestNGTesting5"/>
  <system-out/>
  <testcase name="doLogin" time="0.001" classname="testNGTestcases.TestNGTesting5"/>
  <system-out/>
  <testcase name="doLogin" time="0.002" classname="testNGTestcases.TestNGTesting5"/>
  <system-out/>
</testsuite> <!-- testNGTestcases.TestNGTesting5 -->
