<?xml version="1.0" encoding="UTF-8"?>
<!-- Generated by org.testng.reporters.JUnitReportReporter -->
<testsuite skipped="0" hostname="DAREDEVIL" name="testNGTestcases.ParallelTestingUsingDataProvider" tests="2" failures="0" timestamp="2023-09-14T22:45:50 IST" time="182.296" errors="1">
  <testcase name="doLogin" time="169.296" classname="testNGTestcases.ParallelTestingUsingDataProvider">
    <error type="io.github.bonigarcia.wdm.config.WebDriverManagerException" message="org.apache.hc.client5.http.HttpHostConnectException: Connect to https://raw.githubusercontent.com:443 [raw.githubusercontent.com/49.44.79.236, raw.githubusercontent.com/2405:200:1607:2820:41:0:0:36] failed: Connection timed out: connect">
      <![CDATA[io.github.bonigarcia.wdm.config.WebDriverManagerException: org.apache.hc.client5.http.HttpHostConnectException: Connect to https://raw.githubusercontent.com:443 [raw.githubusercontent.com/49.44.79.236, raw.githubusercontent.com/2405:200:1607:2820:41:0:0:36] failed: Connection timed out: connect
at io.github.bonigarcia.wdm.WebDriverManager.handleException(WebDriverManager.java:1422)
at io.github.bonigarcia.wdm.WebDriverManager.manage(WebDriverManager.java:1203)
at io.github.bonigarcia.wdm.WebDriverManager.fallback(WebDriverManager.java:1438)
at io.github.bonigarcia.wdm.WebDriverManager.handleException(WebDriverManager.java:1415)
at io.github.bonigarcia.wdm.WebDriverManager.manage(WebDriverManager.java:1203)
at io.github.bonigarcia.wdm.WebDriverManager.setup(WebDriverManager.java:418)
at testNGTestcases.ParallelTestingUsingDataProvider.doLogin(ParallelTestingUsingDataProvider.java:22)
at sun.reflect.NativeMethodAccessorImpl.invoke0(Native Method)
at sun.reflect.NativeMethodAccessorImpl.invoke(NativeMethodAccessorImpl.java:62)
at sun.reflect.DelegatingMethodAccessorImpl.invoke(DelegatingMethodAccessorImpl.java:43)
at java.lang.reflect.Method.invoke(Method.java:498)
at org.testng.internal.MethodInvocationHelper.invokeMethod(MethodInvocationHelper.java:134)
at org.testng.internal.TestInvoker.invokeMethod(TestInvoker.java:597)
at org.testng.internal.TestInvoker.invokeTestMethod(TestInvoker.java:173)
at org.testng.internal.TestMethodWithDataProviderMethodWorker.call(TestMethodWithDataProviderMethodWorker.java:77)
at org.testng.internal.TestMethodWithDataProviderMethodWorker.call(TestMethodWithDataProviderMethodWorker.java:15)
at java.util.concurrent.FutureTask.run(FutureTask.java:266)
at java.util.concurrent.Executors$RunnableAdapter.call(Executors.java:511)
at java.util.concurrent.FutureTask.run(FutureTask.java:266)
at java.util.concurrent.ThreadPoolExecutor.runWorker(ThreadPoolExecutor.java:1149)
at java.util.concurrent.ThreadPoolExecutor$Worker.run(ThreadPoolExecutor.java:624)
at java.lang.Thread.run(Thread.java:748)
Caused by: org.apache.hc.client5.http.HttpHostConnectException: Connect to https://raw.githubusercontent.com:443 [raw.githubusercontent.com/49.44.79.236, raw.githubusercontent.com/2405:200:1607:2820:41:0:0:36] failed: Connection timed out: connect
at java.net.DualStackPlainSocketImpl.waitForConnect(Native Method)
at java.net.DualStackPlainSocketImpl.socketConnect(DualStackPlainSocketImpl.java:85)
at java.net.AbstractPlainSocketImpl.doConnect(AbstractPlainSocketImpl.java:350)
at java.net.AbstractPlainSocketImpl.connectToAddress(AbstractPlainSocketImpl.java:206)
at java.net.AbstractPlainSocketImpl.connect(AbstractPlainSocketImpl.java:188)
at java.net.PlainSocketImpl.connect(PlainSocketImpl.java:172)
at java.net.SocksSocketImpl.connect(SocksSocketImpl.java:392)
at java.net.Socket.connect(Socket.java:589)
at org.apache.hc.client5.http.ssl.SSLConnectionSocketFactory$1.run(SSLConnectionSocketFactory.java:219)
at java.security.AccessController.doPrivileged(Native Method)
at org.apache.hc.client5.http.ssl.SSLConnectionSocketFactory.connectSocket(SSLConnectionSocketFactory.java:216)
at org.apache.hc.client5.http.impl.io.DefaultHttpClientConnectionOperator.connect(DefaultHttpClientConnectionOperator.java:148)
at org.apache.hc.client5.http.impl.io.PoolingHttpClientConnectionManager.connect(PoolingHttpClientConnectionManager.java:396)
at org.apache.hc.client5.http.impl.classic.InternalExecRuntime.connectEndpoint(InternalExecRuntime.java:158)
at org.apache.hc.client5.http.impl.classic.InternalExecRuntime.connectEndpoint(InternalExecRuntime.java:168)
at org.apache.hc.client5.http.impl.classic.ConnectExec.execute(ConnectExec.java:136)
at org.apache.hc.client5.http.impl.classic.ExecChainElement.execute(ExecChainElement.java:51)
at org.apache.hc.client5.http.impl.classic.ExecChainElement$1.proceed(ExecChainElement.java:57)
at org.apache.hc.client5.http.impl.classic.ProtocolExec.execute(ProtocolExec.java:175)
at org.apache.hc.client5.http.impl.classic.ExecChainElement.execute(ExecChainElement.java:51)
at org.apache.hc.client5.http.impl.classic.ExecChainElement$1.proceed(ExecChainElement.java:57)
at org.apache.hc.client5.http.impl.classic.HttpRequestRetryExec.execute(HttpRequestRetryExec.java:96)
at org.apache.hc.client5.http.impl.classic.ExecChainElement.execute(ExecChainElement.java:51)
at org.apache.hc.client5.http.impl.classic.ExecChainElement$1.proceed(ExecChainElement.java:57)
at org.apache.hc.client5.http.impl.classic.ContentCompressionExec.execute(ContentCompressionExec.java:133)
at org.apache.hc.client5.http.impl.classic.ExecChainElement.execute(ExecChainElement.java:51)
at org.apache.hc.client5.http.impl.classic.ExecChainElement$1.proceed(ExecChainElement.java:57)
at org.apache.hc.client5.http.impl.classic.RedirectExec.execute(RedirectExec.java:115)
at org.apache.hc.client5.http.impl.classic.ExecChainElement.execute(ExecChainElement.java:51)
at org.apache.hc.client5.http.impl.classic.InternalHttpClient.doExecute(InternalHttpClient.java:170)
at org.apache.hc.client5.http.impl.classic.CloseableHttpClient.execute(CloseableHttpClient.java:75)
at org.apache.hc.client5.http.impl.classic.CloseableHttpClient.execute(CloseableHttpClient.java:89)
at io.github.bonigarcia.wdm.online.HttpClient.execute(HttpClient.java:158)
at io.github.bonigarcia.wdm.WebDriverManager.openGitHubConnection(WebDriverManager.java:1606)
at io.github.bonigarcia.wdm.WebDriverManager.getDriversFromGitHub(WebDriverManager.java:1620)
at io.github.bonigarcia.wdm.managers.FirefoxDriverManager.getDriverUrls(FirefoxDriverManager.java:102)
at io.github.bonigarcia.wdm.WebDriverManager.createUrlHandler(WebDriverManager.java:1443)
at io.github.bonigarcia.wdm.WebDriverManager.download(WebDriverManager.java:1278)
at io.github.bonigarcia.wdm.WebDriverManager.manage(WebDriverManager.java:1197)
... 20 more
]]>
    </error>
  </testcase> <!-- doLogin -->
  <system-out/>
  <testcase name="doLogin" time="13.000" classname="testNGTestcases.ParallelTestingUsingDataProvider"/>
  <system-out/>
</testsuite> <!-- testNGTestcases.ParallelTestingUsingDataProvider -->
