<?xml version="1.0" encoding="UTF-8"?>
<!-- Generated by org.testng.reporters.JUnitReportReporter -->
<testsuite skipped="0" hostname="LMP2DSS6C13MQ2" name="testNGTestcases.TestNGTesting8" tests="4" failures="0" timestamp="2021-11-25T12:53:00 IST" time="0.023" errors="0">
  <testcase name="testUserReg" time="0.002" classname="testNGTestcases.TestNGTesting8"/>
  <system-out/>
  <testcase name="testUserReg" time="0.014" classname="testNGTestcases.TestNGTesting8"/>
  <system-out/>
  <testcase name="testLogin" time="0.005" classname="testNGTestcases.TestNGTesting8"/>
  <system-out/>
  <testcase name="testLogin" time="0.002" classname="testNGTestcases.TestNGTesting8"/>
  <system-out/>
</testsuite> <!-- testNGTestcases.TestNGTesting8 -->
