<?xml version="1.0" encoding="UTF-8"?>
<!-- Generated by org.testng.reporters.JUnitReportReporter -->
<testsuite skipped="0" hostname="DAREDEVIL" name="testNGTestcases.DemoParalletTestingusingDataProvider" tests="2" failures="0" timestamp="2023-09-06T23:30:51 IST" time="4.042" errors="0">
  <testcase name="test" time="2.021" classname="testNGTestcases.DemoParalletTestingusingDataProvider"/>
  <system-out/>
  <testcase name="test" time="2.021" classname="testNGTestcases.DemoParalletTestingusingDataProvider"/>
  <system-out/>
</testsuite> <!-- testNGTestcases.DemoParalletTestingusingDataProvider -->
