<?xml version="1.0" encoding="UTF-8"?>
<!-- Generated by org.testng.reporters.JUnitReportReporter -->
<testsuite skipped="0" hostname="LMP2DSS6C13MQ2" name="testNGTestcases.TestNGTesting6" tests="2" failures="0" timestamp="2021-11-24T22:54:15 IST" time="0.015" errors="0">
  <testcase name="doLogin" time="0.001" classname="testNGTestcases.TestNGTesting6"/>
  <system-out/>
  <testcase name="doLogin" time="0.014" classname="testNGTestcases.TestNGTesting6"/>
  <system-out/>
</testsuite> <!-- testNGTestcases.TestNGTesting6 -->
