<?xml version="1.0" encoding="UTF-8"?>
<!-- Generated by org.testng.reporters.JUnitReportReporter -->
<testsuite skipped="0" hostname="DAREDEVIL" name="testNGTestcases.AnnotationSequence" tests="3" failures="0" timestamp="2023-09-14T21:55:17 IST" time="0.016" errors="0">
  <testcase name="GoToDashboard" time="0.016" classname="testNGTestcases.AnnotationSequence"/>
  <system-out/>
  <testcase name="doUserRegister" time="0.000" classname="testNGTestcases.AnnotationSequence"/>
  <system-out/>
  <testcase name="doLogin" time="0.000" classname="testNGTestcases.AnnotationSequence"/>
  <system-out/>
</testsuite> <!-- testNGTestcases.AnnotationSequence -->
