<?xml version="1.0" encoding="UTF-8"?>
<!-- Generated by org.testng.reporters.JUnitReportReporter -->
<testsuite skipped="0" hostname="LMP2DSS6C13MQ2" name="testNGTestcases.TestNGTesting10" tests="2" failures="0" timestamp="2021-11-25T16:58:25 IST" time="6.064" errors="0">
  <testcase name="doLogin" time="3.032" classname="testNGTestcases.TestNGTesting10"/>
  <system-out/>
  <testcase name="doLogin" time="3.032" classname="testNGTestcases.TestNGTesting10"/>
  <system-out/>
</testsuite> <!-- testNGTestcases.TestNGTesting10 -->
