<?xml version="1.0" encoding="UTF-8"?>
<!-- Generated by org.testng.reporters.JUnitReportReporter -->
<testsuite skipped="0" hostname="DESKTOP-BQP89MN" name="testNGTestcases.DataProviderUsingHashTable" tests="3" failures="0" timestamp="2022-01-12T11:11:03 IST" time="0.011" errors="0">
  <testcase name="doLogin" time="0.000" classname="testNGTestcases.DataProviderUsingHashTable"/>
  <system-out/>
  <testcase name="doLogin" time="0.000" classname="testNGTestcases.DataProviderUsingHashTable"/>
  <system-out/>
  <testcase name="doLogin" time="0.011" classname="testNGTestcases.DataProviderUsingHashTable"/>
  <system-out/>
</testsuite> <!-- testNGTestcases.DataProviderUsingHashTable -->
