<?xml version="1.0" encoding="UTF-8"?>
<!-- Generated by org.testng.reporters.JUnitReportReporter -->
<testsuite skipped="0" hostname="DESKTOP-PDMEH2U" name="testNGTestcases.SingleDataProvider" tests="2" failures="0" timestamp="2022-09-25T00:13:20 IST" time="0.039" errors="0">
  <testcase name="Login" time="0.036" classname="testNGTestcases.SingleDataProvider"/>
  <system-out/>
  <testcase name="Login" time="0.003" classname="testNGTestcases.SingleDataProvider"/>
  <system-out/>
</testsuite> <!-- testNGTestcases.SingleDataProvider -->
