<?xml version="1.0" encoding="UTF-8"?>
<!-- Generated by org.testng.reporters.JUnitReportReporter -->
<testsuite skipped="0" hostname="DAREDEVIL" name="testNGTestcases.DataProviderUsingExcelReader" tests="3" failures="0" timestamp="2023-08-07T23:21:30 IST" time="0.012" errors="0">
  <testcase name="doLogin" time="0.000" classname="testNGTestcases.DataProviderUsingExcelReader"/>
  <system-out/>
  <testcase name="doLogin" time="0.012" classname="testNGTestcases.DataProviderUsingExcelReader"/>
  <system-out/>
  <testcase name="doLogin" time="0.000" classname="testNGTestcases.DataProviderUsingExcelReader"/>
  <system-out/>
</testsuite> <!-- testNGTestcases.DataProviderUsingExcelReader -->
