<?xml version="1.0" encoding="UTF-8"?>
<!-- Generated by org.testng.reporters.JUnitReportReporter -->
<testsuite skipped="0" hostname="DAREDEVIL" name="seleniumTestcases.JqueryCalendarDemo" tests="1" failures="0" timestamp="2023-07-06T12:29:23 IST" time="0.015" errors="0">
  <testcase name="handlingCalendar" time="0.015" classname="seleniumTestcases.JqueryCalendarDemo"/>
  <system-out/>
</testsuite> <!-- seleniumTestcases.JqueryCalendarDemo -->
