<?xml version="1.0" encoding="UTF-8"?>
<!-- Generated by org.testng.reporters.JUnitReportReporter -->
<testsuite skipped="0" hostname="DAREDEVIL" name="testNGTestcases.UsingDataFromDataProvider" tests="2" failures="0" timestamp="2023-09-06T22:43:38 IST" time="0.010" errors="0">
  <testcase name="doLogin" time="0.008" classname="testNGTestcases.UsingDataFromDataProvider"/>
  <system-out/>
  <testcase name="doLogin" time="0.002" classname="testNGTestcases.UsingDataFromDataProvider"/>
  <system-out/>
</testsuite> <!-- testNGTestcases.UsingDataFromDataProvider -->
