<?xml version="1.0" encoding="UTF-8"?>
<!-- Generated by org.testng.reporters.JUnitReportReporter -->
<testsuite skipped="1" hostname="DAREDEVIL" name="testNGTestcases.TestGroups" tests="6" failures="0" timestamp="2023-09-14T22:02:08 IST" time="0.020" errors="0">
  <testcase name="test4" time="0.000" classname="testNGTestcases.TestGroups"/>
  <system-out/>
  <testcase name="test2" time="0.000" classname="testNGTestcases.TestGroups">
    <skipped/>
  </testcase> <!-- test2 -->
  <system-out/>
  <testcase name="test5" time="0.002" classname="testNGTestcases.TestGroups"/>
  <system-out/>
  <testcase name="test6" time="0.003" classname="testNGTestcases.TestGroups"/>
  <system-out/>
  <testcase name="test3" time="0.001" classname="testNGTestcases.TestGroups"/>
  <system-out/>
  <testcase name="test1" time="0.014" classname="testNGTestcases.TestGroups"/>
  <system-out/>
</testsuite> <!-- testNGTestcases.TestGroups -->
