<?xml version="1.0" encoding="UTF-8"?>
<!-- Generated by org.testng.reporters.JUnitReportReporter -->
<testsuite skipped="1" hostname="DAREDEVIL" name="testNGTestcases.ForcefullySkippingTest" tests="3" failures="0" timestamp="2023-08-07T18:14:14 IST" time="0.016" errors="0">
  <testcase name="skipTest" time="0.016" classname="testNGTestcases.ForcefullySkippingTest">
    <skipped/>
  </testcase> <!-- skipTest -->
  <system-out/>
  <testcase name="test1" time="0.000" classname="testNGTestcases.ForcefullySkippingTest"/>
  <system-out/>
  <testcase name="test2" time="0.000" classname="testNGTestcases.ForcefullySkippingTest"/>
  <system-out/>
</testsuite> <!-- testNGTestcases.ForcefullySkippingTest -->
