<?xml version="1.0" encoding="UTF-8"?>
<!-- Generated by org.testng.reporters.JUnitReportReporter -->
<testsuite skipped="0" hostname="LMP2DSS6C13MQ2" name="testNGTestcases.TestNGTesting7" tests="2" failures="0" timestamp="2021-11-25T00:03:12 IST" time="0.010" errors="0">
  <testcase name="doLogin" time="0.009" classname="testNGTestcases.TestNGTesting7"/>
  <system-out/>
  <testcase name="doLogin" time="0.001" classname="testNGTestcases.TestNGTesting7"/>
  <system-out/>
</testsuite> <!-- testNGTestcases.TestNGTesting7 -->
