<?xml version="1.0" encoding="UTF-8"?>
<!-- Generated by org.testng.reporters.JUnitReportReporter -->
<testsuite skipped="0" hostname="DESKTOP-PDMEH2U" name="testNGTestcases.Demo" tests="2" failures="0" timestamp="2022-09-23T21:51:25 IST" time="0.007" errors="0">
  <testcase name="doUserRegister" time="0.002" classname="testNGTestcases.Demo"/>
  <system-out/>
  <testcase name="doLogin" time="0.005" classname="testNGTestcases.Demo"/>
  <system-out/>
</testsuite> <!-- testNGTestcases.Demo -->
