<?xml version="1.0" encoding="UTF-8"?>
<!-- Generated by org.testng.reporters.JUnitReportReporter -->
<testsuite skipped="0" hostname="DAREDEVIL" name="seleniumTestcases.HandlingHiddenDropDown" tests="1" failures="0" timestamp="2023-08-29T23:36:29 IST" time="7.635" errors="0">
  <testcase name="handlingHiddenObjects" time="7.635" classname="seleniumTestcases.HandlingHiddenDropDown"/>
  <system-out/>
</testsuite> <!-- seleniumTestcases.HandlingHiddenDropDown -->
