<?xml version="1.0" encoding="UTF-8"?>
<!-- Generated by org.testng.reporters.JUnitReportReporter -->
<testsuite skipped="0" hostname="LMP2DSS6C13MQ2" name="testNGTestcases.TestNGTesting9" tests="2" failures="0" timestamp="2021-11-25T13:22:03 IST" time="0.011" errors="0">
  <testcase name="launchBrowser" time="0.010" classname="testNGTestcases.TestNGTesting9"/>
  <system-out/>
  <testcase name="launchBrowser" time="0.001" classname="testNGTestcases.TestNGTesting9"/>
  <system-out/>
</testsuite> <!-- testNGTestcases.TestNGTesting9 -->
