<?xml version="1.0" encoding="UTF-8"?>
<!-- Generated by org.testng.reporters.JUnitReportReporter -->
<testsuite skipped="0" hostname="DAREDEVIL" name="seleniumTestcases.HandlingDynamicWebTables" tests="1" failures="0" timestamp="2023-08-24T20:33:52 IST" time="9.467" errors="0">
  <testcase name="dynamicWebTableHandle" time="9.467" classname="seleniumTestcases.HandlingDynamicWebTables"/>
  <system-out/>
</testsuite> <!-- seleniumTestcases.HandlingDynamicWebTables -->
