<?xml version="1.0" encoding="UTF-8"?>
<!-- Generated by org.testng.reporters.JUnitReportReporter -->
<testsuite skipped="1" hostname="LMP2DSS6C13MQ2" name="testcases.TestNGTesting" tests="2" failures="0" timestamp="2021-11-24T20:24:52 IST" time="0.025" errors="0">
  <testcase name="doUserRegister" time="0.025" classname="testcases.TestNGTesting"/>
  <system-out/>
  <testcase name="doLogin" classname="testcases.TestNGTesting">
    <skipped/>
  </testcase> <!-- doLogin -->
  <system-out/>
</testsuite> <!-- testcases.TestNGTesting -->
